<?xml version="1.0" encoding="UTF-8"?>
<testsuite name="com.thoughtworks.moviecatalogservice.MovieCatalogServiceApplicationTests" tests="1" skipped="0" failures="0" errors="0" timestamp="2019-12-11T19:56:27" hostname="JeffMartian" time="0.319">
  <properties/>
  <testcase name="contextLoads()" classname="com.thoughtworks.moviecatalogservice.MovieCatalogServiceApplicationTests" time="0.319"/>
  <system-out><![CDATA[13:56:25.257 [Test worker] DEBUG org.springframework.test.context.BootstrapUtils - Instantiating CacheAwareContextLoaderDelegate from class [org.springframework.test.context.cache.DefaultCacheAwareContextLoaderDelegate]
13:56:25.270 [Test worker] DEBUG org.springframework.test.context.BootstrapUtils - Instantiating BootstrapContext using constructor [public org.springframework.test.context.support.DefaultBootstrapContext(java.lang.Class,org.springframework.test.context.CacheAwareContextLoaderDelegate)]
13:56:25.293 [Test worker] DEBUG org.springframework.test.context.BootstrapUtils - Instantiating TestContextBootstrapper for test class [com.thoughtworks.moviecatalogservice.MovieCatalogServiceApplicationTests] from class [org.springframework.boot.test.context.SpringBootTestContextBootstrapper]
13:56:25.305 [Test worker] INFO org.springframework.boot.test.context.SpringBootTestContextBootstrapper - Neither @ContextConfiguration nor @ContextHierarchy found for test class [com.thoughtworks.moviecatalogservice.MovieCatalogServiceApplicationTests], using SpringBootContextLoader
13:56:25.308 [Test worker] DEBUG org.springframework.test.context.support.AbstractContextLoader - Did not detect default resource location for test class [com.thoughtworks.moviecatalogservice.MovieCatalogServiceApplicationTests]: class path resource [com/thoughtworks/moviecatalogservice/MovieCatalogServiceApplicationTests-context.xml] does not exist
13:56:25.308 [Test worker] DEBUG org.springframework.test.context.support.AbstractContextLoader - Did not detect default resource location for test class [com.thoughtworks.moviecatalogservice.MovieCatalogServiceApplicationTests]: class path resource [com/thoughtworks/moviecatalogservice/MovieCatalogServiceApplicationTestsContext.groovy] does not exist
13:56:25.309 [Test worker] INFO org.springframework.test.context.support.AbstractContextLoader - Could not detect default resource locations for test class [com.thoughtworks.moviecatalogservice.MovieCatalogServiceApplicationTests]: no resource found for suffixes {-context.xml, Context.groovy}.
13:56:25.309 [Test worker] INFO org.springframework.test.context.support.AnnotationConfigContextLoaderUtils - Could not detect default configuration classes for test class [com.thoughtworks.moviecatalogservice.MovieCatalogServiceApplicationTests]: MovieCatalogServiceApplicationTests does not declare any static, non-private, non-final, nested classes annotated with @Configuration.
13:56:25.337 [Test worker] DEBUG org.springframework.test.context.support.ActiveProfilesUtils - Could not find an 'annotation declaring class' for annotation type [org.springframework.test.context.ActiveProfiles] and class [com.thoughtworks.moviecatalogservice.MovieCatalogServiceApplicationTests]
13:56:25.382 [Test worker] DEBUG org.springframework.context.annotation.ClassPathScanningCandidateComponentProvider - Identified candidate component class: file [/Users/jeffreymartin/Documents/Workspace/spring-boot-microservices-workshop/project/moviecatalogservice/build/classes/java/main/com/thoughtworks/moviecatalogservice/MovieCatalogServiceApplication.class]
13:56:25.383 [Test worker] INFO org.springframework.boot.test.context.SpringBootTestContextBootstrapper - Found @SpringBootConfiguration com.thoughtworks.moviecatalogservice.MovieCatalogServiceApplication for test class com.thoughtworks.moviecatalogservice.MovieCatalogServiceApplicationTests
13:56:25.442 [Test worker] DEBUG org.springframework.boot.test.context.SpringBootTestContextBootstrapper - @TestExecutionListeners is not present for class [com.thoughtworks.moviecatalogservice.MovieCatalogServiceApplicationTests]: using defaults.
13:56:25.442 [Test worker] INFO org.springframework.boot.test.context.SpringBootTestContextBootstrapper - Loaded default TestExecutionListener class names from location [META-INF/spring.factories]: [org.springframework.boot.test.autoconfigure.restdocs.RestDocsTestExecutionListener, org.springframework.boot.test.autoconfigure.web.client.MockRestServiceServerResetTestExecutionListener, org.springframework.boot.test.autoconfigure.web.servlet.MockMvcPrintOnlyOnFailureTestExecutionListener, org.springframework.boot.test.autoconfigure.web.servlet.WebDriverTestExecutionListener, org.springframework.boot.test.mock.mockito.MockitoTestExecutionListener, org.springframework.boot.test.mock.mockito.ResetMocksTestExecutionListener, org.springframework.test.context.web.ServletTestExecutionListener, org.springframework.test.context.support.DirtiesContextBeforeModesTestExecutionListener, org.springframework.test.context.support.DependencyInjectionTestExecutionListener, org.springframework.test.context.support.DirtiesContextTestExecutionListener, org.springframework.test.context.transaction.TransactionalTestExecutionListener, org.springframework.test.context.jdbc.SqlScriptsTestExecutionListener, org.springframework.test.context.event.EventPublishingTestExecutionListener]
13:56:25.449 [Test worker] DEBUG org.springframework.boot.test.context.SpringBootTestContextBootstrapper - Skipping candidate TestExecutionListener [org.springframework.test.context.transaction.TransactionalTestExecutionListener] due to a missing dependency. Specify custom listener classes or make the default listener classes and their required dependencies available. Offending class: [org/springframework/transaction/interceptor/TransactionAttributeSource]
13:56:25.449 [Test worker] DEBUG org.springframework.boot.test.context.SpringBootTestContextBootstrapper - Skipping candidate TestExecutionListener [org.springframework.test.context.jdbc.SqlScriptsTestExecutionListener] due to a missing dependency. Specify custom listener classes or make the default listener classes and their required dependencies available. Offending class: [org/springframework/transaction/interceptor/TransactionAttribute]
13:56:25.449 [Test worker] INFO org.springframework.boot.test.context.SpringBootTestContextBootstrapper - Using TestExecutionListeners: [org.springframework.test.context.web.ServletTestExecutionListener@4992cb50, org.springframework.test.context.support.DirtiesContextBeforeModesTestExecutionListener@104ff3e, org.springframework.boot.test.mock.mockito.MockitoTestExecutionListener@998567d, org.springframework.boot.test.autoconfigure.SpringBootDependencyInjectionTestExecutionListener@27b40359, org.springframework.test.context.support.DirtiesContextTestExecutionListener@78a384b4, org.springframework.test.context.event.EventPublishingTestExecutionListener@5e786991, org.springframework.boot.test.autoconfigure.restdocs.RestDocsTestExecutionListener@1598e79d, org.springframework.boot.test.autoconfigure.web.client.MockRestServiceServerResetTestExecutionListener@12b180bc, org.springframework.boot.test.autoconfigure.web.servlet.MockMvcPrintOnlyOnFailureTestExecutionListener@76d3307a, org.springframework.boot.test.autoconfigure.web.servlet.WebDriverTestExecutionListener@6bfaebd0, org.springframework.boot.test.mock.mockito.ResetMocksTestExecutionListener@398c4d3d]
13:56:25.452 [Test worker] DEBUG org.springframework.test.context.support.AbstractDirtiesContextTestExecutionListener - Before test class: context [DefaultTestContext@65b3cf8c testClass = MovieCatalogServiceApplicationTests, testInstance = [null], testMethod = [null], testException = [null], mergedContextConfiguration = [WebMergedContextConfiguration@6d653bc9 testClass = MovieCatalogServiceApplicationTests, locations = '{}', classes = '{class com.thoughtworks.moviecatalogservice.MovieCatalogServiceApplication}', contextInitializerClasses = '[]', activeProfiles = '{}', propertySourceLocations = '{}', propertySourceProperties = '{org.springframework.boot.test.context.SpringBootTestContextBootstrapper=true}', contextCustomizers = set[org.springframework.boot.test.autoconfigure.properties.PropertyMappingContextCustomizer@0, org.springframework.boot.test.autoconfigure.web.servlet.WebDriverContextCustomizerFactory$Customizer@77925927, org.springframework.boot.test.context.filter.ExcludeFilterContextCustomizer@73f5eb5f, org.springframework.boot.test.json.DuplicateJsonObjectContextCustomizerFactory$DuplicateJsonObjectContextCustomizer@7a3955d2, org.springframework.boot.test.mock.mockito.MockitoContextCustomizer@0, org.springframework.boot.test.web.client.TestRestTemplateContextCustomizer@527f91ce], resourceBasePath = 'src/main/webapp', contextLoader = 'org.springframework.boot.test.context.SpringBootContextLoader', parent = [null]], attributes = map['org.springframework.test.context.web.ServletTestExecutionListener.activateListener' -> true]], class annotated with @DirtiesContext [false] with mode [null].
13:56:25.471 [Test worker] DEBUG org.springframework.test.context.support.TestPropertySourceUtils - Adding inlined properties to environment: {spring.jmx.enabled=false, org.springframework.boot.test.context.SpringBootTestContextBootstrapper=true, server.port=-1}

  .   ____          _            __ _ _
 /\\ / ___'_ __ _ _(_)_ __  __ _ \ \ \ \
( ( )\___ | '_ | '_| | '_ \/ _` | \ \ \ \
 \\/  ___)| |_)| | | | | || (_| |  ) ) ) )
  '  |____| .__|_| |_|_| |_\__, | / / / /
 =========|_|==============|___/=/_/_/_/
 :: Spring Boot ::        (v2.2.2.RELEASE)

2019-12-11 13:56:26.704  INFO 44980 --- [    Test worker] .t.m.MovieCatalogServiceApplicationTests : Starting MovieCatalogServiceApplicationTests on JeffMartian with PID 44980 (started by jeffreymartin in /Users/jeffreymartin/Documents/Workspace/spring-boot-microservices-workshop/project/moviecatalogservice)
2019-12-11 13:56:26.705  INFO 44980 --- [    Test worker] .t.m.MovieCatalogServiceApplicationTests : No active profile set, falling back to default profiles: default
2019-12-11 13:56:27.520  INFO 44980 --- [    Test worker] o.s.s.concurrent.ThreadPoolTaskExecutor  : Initializing ExecutorService 'applicationTaskExecutor'
2019-12-11 13:56:27.717  INFO 44980 --- [    Test worker] .t.m.MovieCatalogServiceApplicationTests : Started MovieCatalogServiceApplicationTests in 2.239 seconds (JVM running for 2.999)
]]></system-out>
  <system-err><![CDATA[]]></system-err>
</testsuite>
